srwac.lat.00000074.txt.taglem	srwac.lat	52	43	3	17.3333333333	0.268292682927	0.292682926829
srwac.lat.00000025.txt.taglem	srwac.lat	220	142	18	12.2222222222	0.30412371134	0.355670103093
srwac.lat.00000037.txt.taglem	srwac.lat	59	50	1	59.0	0.303571428571	0.464285714286
srwac.lat.00000087.txt.taglem	srwac.lat	171	120	7	24.4285714286	0.358974358974	0.435897435897
srwac.lat.00000021.txt.taglem	srwac.lat	36	33	1	36.0	0.285714285714	0.342857142857
srwac.lat.00000091.txt.taglem	srwac.lat	125	99	5	25.0	0.224299065421	0.242990654206
srwac.lat.00000076.txt.taglem	srwac.lat	553	318	19	29.1052631579	0.371244635193	0.409871244635
srwac.lat.00000080.txt.taglem	srwac.lat	161	102	7	23.0	0.356164383562	0.383561643836
srwac.lat.00000084.txt.taglem	srwac.lat	352	208	11	32.0	0.291390728477	0.387417218543
srwac.lat.00000090.txt.taglem	srwac.lat	112	85	6	18.6666666667	0.34693877551	0.428571428571
srwac.lat.00000043.txt.taglem	srwac.lat	51	40	1	51.0	0.275	0.325
srwac.lat.00000035.txt.taglem	srwac.lat	250	158	11	22.7272727273	0.377880184332	0.47465437788
srwac.lat.00000018.txt.taglem	srwac.lat	63	53	3	21.0	0.240740740741	0.259259259259
srwac.lat.00000081.txt.taglem	srwac.lat	202	136	8	25.25	0.314814814815	0.37037037037
srwac.lat.00000015.txt.taglem	srwac.lat	562	359	21	26.7619047619	0.352577319588	0.40618556701
srwac.lat.00000039.txt.taglem	srwac.lat	190	129	7	27.1428571429	0.239263803681	0.337423312883
srwac.lat.00000064.txt.taglem	srwac.lat	540	234	25	21.6	0.368972746331	0.408805031447
srwac.lat.00000006.txt.taglem	srwac.lat	261	170	20	13.05	0.327510917031	0.397379912664
srwac.lat.00000042.txt.taglem	srwac.lat	199	128	8	24.875	0.272727272727	0.329545454545
srwac.lat.00000079.txt.taglem	srwac.lat	213	111	10	21.3	0.430769230769	0.548717948718
srwac.lat.00000088.txt.taglem	srwac.lat	171	119	7	24.4285714286	0.281045751634	0.352941176471
srwac.lat.00000023.txt.taglem	srwac.lat	476	274	16	29.75	0.291866028708	0.38038277512
srwac.lat.00000028.txt.taglem	srwac.lat	560	299	25	22.4	0.388671875	0.419921875
srwac.lat.00000068.txt.taglem	srwac.lat	35	34	1	35.0	0.371428571429	0.485714285714
srwac.lat.00000031.txt.taglem	srwac.lat	62	50	4	15.5	0.357142857143	0.392857142857
srwac.lat.00000059.txt.taglem	srwac.lat	345	219	16	21.5625	0.411392405063	0.51582278481
srwac.lat.00000032.txt.taglem	srwac.lat	502	309	22	22.8181818182	0.360178970917	0.413870246085
srwac.lat.00000070.txt.taglem	srwac.lat	176	120	7	25.1428571429	0.273291925466	0.32298136646
srwac.lat.00000057.txt.taglem	srwac.lat	123	90	5	24.6	0.276785714286	0.357142857143
srwac.lat.00000063.txt.taglem	srwac.lat	168	102	12	14.0	0.295302013423	0.355704697987
srwac.lat.00000100.txt.taglem	srwac.lat	547	297	15	36.4666666667	0.314814814815	0.413580246914
srwac.lat.00000078.txt.taglem	srwac.lat	157	101	3	52.3333333333	0.310606060606	0.325757575758
srwac.lat.00000058.txt.taglem	srwac.lat	374	244	12	31.1666666667	0.366863905325	0.443786982249
srwac.lat.00000012.txt.taglem	srwac.lat	404	253	12	33.6666666667	0.405835543767	0.466843501326
srwac.lat.00000060.txt.taglem	srwac.lat	177	126	10	17.7	0.363636363636	0.428571428571
srwac.lat.00000075.txt.taglem	srwac.lat	110	85	6	18.3333333333	0.326315789474	0.368421052632
srwac.lat.00000046.txt.taglem	srwac.lat	91	65	4	22.75	0.32	0.4
srwac.lat.00000033.txt.taglem	srwac.lat	192	138	10	19.2	0.325153374233	0.386503067485
srwac.lat.00000072.txt.taglem	srwac.lat	147	108	6	24.5	0.371212121212	0.439393939394
srwac.lat.00000049.txt.taglem	srwac.lat	62	55	3	20.6666666667	0.322033898305	0.389830508475
srwac.lat.00000010.txt.taglem	srwac.lat	515	293	30	17.1666666667	0.349680170576	0.411513859275
srwac.lat.00000044.txt.taglem	srwac.lat	410	209	15	27.3333333333	0.374331550802	0.489304812834
srwac.lat.00000066.txt.taglem	srwac.lat	76	61	6	12.6666666667	0.294117647059	0.382352941176
srwac.lat.00000083.txt.taglem	srwac.lat	361	207	10	36.1	0.365853658537	0.460365853659
srwac.lat.00000011.txt.taglem	srwac.lat	128	96	5	25.6	0.260869565217	0.313043478261
srwac.lat.00000069.txt.taglem	srwac.lat	274	199	10	27.4	0.308641975309	0.349794238683
srwac.lat.00000086.txt.taglem	srwac.lat	53	50	3	17.6666666667	0.25	0.354166666667
srwac.lat.00000001.txt.taglem	srwac.lat	99	72	5	19.8	0.418604651163	0.46511627907
srwac.lat.00000030.txt.taglem	srwac.lat	328	200	15	21.8666666667	0.385416666667	0.513888888889
srwac.lat.00000048.txt.taglem	srwac.lat	301	186	16	18.8125	0.4	0.427450980392
srwac.lat.00000029.txt.taglem	srwac.lat	442	272	13	34.0	0.346560846561	0.431216931217
srwac.lat.00000056.txt.taglem	srwac.lat	108	78	8	13.5	0.25	0.32
srwac.lat.00000026.txt.taglem	srwac.lat	269	140	14	19.2142857143	0.275	0.345833333333
srwac.lat.00000027.txt.taglem	srwac.lat	62	48	3	20.6666666667	0.303571428571	0.339285714286
srwac.lat.00000017.txt.taglem	srwac.lat	176	120	4	44.0	0.358108108108	0.398648648649
srwac.lat.00000055.txt.taglem	srwac.lat	563	322	18	31.2777777778	0.425963488844	0.511156186613
srwac.lat.00000022.txt.taglem	srwac.lat	100	76	3	33.3333333333	0.35632183908	0.425287356322
srwac.lat.00000014.txt.taglem	srwac.lat	50	39	2	25.0	0.434782608696	0.5
srwac.lat.00000004.txt.taglem	srwac.lat	178	118	6	29.6666666667	0.361963190184	0.447852760736
srwac.lat.00000095.txt.taglem	srwac.lat	110	82	4	27.5	0.375	0.46875
srwac.lat.00000097.txt.taglem	srwac.lat	357	215	18	19.8333333333	0.340557275542	0.405572755418
srwac.lat.00000036.txt.taglem	srwac.lat	243	156	11	22.0909090909	0.351598173516	0.406392694064
srwac.lat.00000008.txt.taglem	srwac.lat	377	197	11	34.2727272727	0.24213836478	0.358490566038
srwac.lat.00000094.txt.taglem	srwac.lat	64	52	2	32.0	0.35	0.383333333333
srwac.lat.00000002.txt.taglem	srwac.lat	99	80	4	24.75	0.329545454545	0.409090909091
srwac.lat.00000045.txt.taglem	srwac.lat	84	64	5	16.8	0.315789473684	0.381578947368
srwac.lat.00000013.txt.taglem	srwac.lat	56	45	3	18.6666666667	0.377358490566	0.490566037736
srwac.lat.00000024.txt.taglem	srwac.lat	367	229	15	24.4666666667	0.323262839879	0.456193353474
srwac.lat.00000093.txt.taglem	srwac.lat	335	214	13	25.7692307692	0.358361774744	0.399317406143
srwac.lat.00000034.txt.taglem	srwac.lat	71	61	3	23.6666666667	0.253968253968	0.269841269841
srwac.lat.00000052.txt.taglem	srwac.lat	172	116	7	24.5714285714	0.368055555556	0.395833333333
srwac.lat.00000053.txt.taglem	srwac.lat	275	183	15	18.3333333333	0.425101214575	0.46963562753
srwac.lat.00000062.txt.taglem	srwac.lat	161	122	7	23.0	0.295774647887	0.345070422535
srwac.lat.00000047.txt.taglem	srwac.lat	74	61	2	37.0	0.294117647059	0.352941176471
srwac.lat.00000040.txt.taglem	srwac.lat	178	111	10	17.8	0.37037037037	0.364197530864
srwac.lat.00000092.txt.taglem	srwac.lat	131	86	7	18.7142857143	0.28813559322	0.338983050847
srwac.lat.00000054.txt.taglem	srwac.lat	84	61	6	14.0	0.333333333333	0.416666666667
